Sat Jun 11 16:31:12 EDT 2016
d021b1201d7a7ad7deb6766039407550  PlasmaTable.zip
Sat Jun 11 16:39:28 EDT 2016
63c61a9b0292ecf3bfff70920c006f89  PlasmaTable.zip
Sat Jun 11 16:40:32 EDT 2016
568d3e1bcd2e25ac5bb8f5a9c70231ff  PlasmaTable.zip
Sat Jun 11 16:40:48 EDT 2016
25ab9b4315b7a2b14d2128c4e8edb101  PlasmaTable.zip
Sat Jun 11 16:42:41 EDT 2016
a45090e759f8307f795501bcea4aaf21  PlasmaTable.zip
Sat Jun 11 16:44:06 EDT 2016
8f2e09cb73e2ade94b4c57bb7051224d  PlasmaTable.zip
Sat Jun 11 16:58:46 EDT 2016
e1adb57b205e34287228133027340f31  PlasmaTable.zip
Sun Jun 26 11:49:58 EDT 2016
63af6b7aabb964dbf3ea91a5495502b1  PlasmaTable.zip
Mon Sep  5 15:29:15 EDT 2016
63af6b7aabb964dbf3ea91a5495502b1  PlasmaTable.zip
Mon Sep  5 15:29:46 EDT 2016
2d504b01b874bef978b8b73cad6e8f80  PlasmaTable.zip
Fri Sep  1 12:39:07 EDT 2017
d51220085b50c6bb9e0d4e11c9820766  PlasmaTable.zip
Fri Sep  1 12:39:37 EDT 2017
bdf64a34e46e4cc3cb484120292e8d21  Xmotion.zip
Fri Sep  1 12:42:56 EDT 2017
da90934455a8cae09cbb9f828b1c8d12  Xmotion.zip
Sun Nov  5 21:52:53 EST 2017
da90934455a8cae09cbb9f828b1c8d12 *Xmotion.zip
Fri, Nov 10, 2017  7:28:22 AM
Sat Nov 11 12:43:23 EST 2017
Sat Nov 11 12:43:46 EST 2017
